<?xml version="1.0" encoding="UTF-8"?>
<!-- Generated by org.testng.reporters.JUnitReportReporter -->
<testsuite skipped="0" hostname="DESKTOP-SAB1JP8" name="com.maven.MavenTest" tests="1" failures="0" timestamp="04 Dec 2018 20:35:14 GMT" time="0.013" errors="0">
  <testcase name="hello" time="0.013" classname="com.maven.MavenTest"/>
</testsuite> <!-- com.maven.MavenTest -->
