<?xml version="1.0" encoding="UTF-8"?>
<!-- Generated by org.testng.reporters.JUnitReportReporter -->
<testsuite skipped="0" hostname="DESKTOP-SAB1JP8" name="com.orangehrm.test.LoginTest" tests="1" failures="0" timestamp="04 Dec 2018 22:21:55 GMT" time="10.462" errors="0">
  <testcase name="lgoin" time="10.462" classname="com.orangehrm.test.LoginTest"/>
</testsuite> <!-- com.orangehrm.test.LoginTest -->
